<?xml version="1.0" encoding="UTF-8"?>
<testng-results skipped="1" failed="0" total="1" passed="0">
  <reporter-output>
  </reporter-output>
  <suite name="SMB_FrameWork" duration-ms="905" started-at="2017-03-20T11:49:55Z" finished-at="2017-03-20T11:49:56Z">
    <groups>
    </groups>
    <test name="SMB Regression Testing" duration-ms="905" started-at="2017-03-20T11:49:55Z" finished-at="2017-03-20T11:49:56Z">
      <class name="dd_registration.Register">
        <test-method status="FAIL" signature="init()[pri:0, instance:dd_registration.Register@61009542]" name="init" is-config="true" duration-ms="0" started-at="2017-03-20T17:19:27Z" finished-at="2017-03-20T17:19:27Z">
          <exception class="java.lang.NullPointerException">
            <full-stacktrace>
              <![CDATA[java.lang.NullPointerException
	at dd_testCore.testCore.init(testCore.java:188)
	at sun.reflect.NativeMethodAccessorImpl.invoke0(Native Method)
	at sun.reflect.NativeMethodAccessorImpl.invoke(NativeMethodAccessorImpl.java:62)
	at sun.reflect.DelegatingMethodAccessorImpl.invoke(DelegatingMethodAccessorImpl.java:43)
	at java.lang.reflect.Method.invoke(Method.java:498)
	at org.testng.internal.MethodInvocationHelper.invokeMethod(MethodInvocationHelper.java:80)
	at org.testng.internal.Invoker.invokeConfigurationMethod(Invoker.java:564)
	at org.testng.internal.Invoker.invokeConfigurations(Invoker.java:213)
	at org.testng.internal.Invoker.invokeConfigurations(Invoker.java:138)
	at org.testng.SuiteRunner.privateRun(SuiteRunner.java:277)
	at org.testng.SuiteRunner.run(SuiteRunner.java:240)
	at org.testng.SuiteRunnerWorker.runSuite(SuiteRunnerWorker.java:52)
	at org.testng.SuiteRunnerWorker.run(SuiteRunnerWorker.java:86)
	at org.testng.TestNG.runSuitesSequentially(TestNG.java:1198)
	at org.testng.TestNG.runSuitesLocally(TestNG.java:1123)
	at org.testng.TestNG.run(TestNG.java:1031)
	at org.apache.maven.surefire.testng.TestNGExecutor.run(TestNGExecutor.java:281)
	at org.apache.maven.surefire.testng.TestNGXmlTestSuite.execute(TestNGXmlTestSuite.java:75)
	at org.apache.maven.surefire.testng.TestNGProvider.invoke(TestNGProvider.java:121)
	at org.apache.maven.surefire.booter.ForkedBooter.invokeProviderInSameClassLoader(ForkedBooter.java:290)
	at org.apache.maven.surefire.booter.ForkedBooter.runSuitesInProcess(ForkedBooter.java:242)
	at org.apache.maven.surefire.booter.ForkedBooter.main(ForkedBooter.java:121)
]]>
            </full-stacktrace>
          </exception> <!-- java.lang.NullPointerException -->
          <reporter-output>
          </reporter-output>
        </test-method> <!-- init -->
        <test-method status="SKIP" signature="setupBeforeSuite(org.testng.ITestContext)[pri:0, instance:dd_registration.Register@61009542]" name="setupBeforeSuite" is-config="true" duration-ms="0" started-at="2017-03-20T17:19:55Z" finished-at="2017-03-20T17:19:55Z">
          <reporter-output>
          </reporter-output>
        </test-method> <!-- setupBeforeSuite -->
        <test-method status="SKIP" signature="ValidRegistration()[pri:0, instance:dd_registration.Register@61009542]" name="ValidRegistration" duration-ms="0" started-at="2017-03-20T17:19:56Z" finished-at="2017-03-20T17:19:56Z">
          <reporter-output>
          </reporter-output>
        </test-method> <!-- ValidRegistration -->
        <test-method status="SKIP" signature="tearDown(org.testng.ITestResult)[pri:0, instance:dd_registration.Register@61009542]" name="tearDown" is-config="true" duration-ms="0" started-at="2017-03-20T17:19:56Z" finished-at="2017-03-20T17:19:56Z">
          <reporter-output>
          </reporter-output>
        </test-method> <!-- tearDown -->
        <test-method status="SKIP" signature="setupAfterSuite()[pri:0, instance:dd_registration.Register@61009542]" name="setupAfterSuite" is-config="true" duration-ms="0" started-at="2017-03-20T17:19:56Z" finished-at="2017-03-20T17:19:56Z">
          <reporter-output>
          </reporter-output>
        </test-method> <!-- setupAfterSuite -->
        <test-method status="SKIP" signature="QuitDriver()[pri:0, instance:dd_registration.Register@61009542]" name="QuitDriver" is-config="true" duration-ms="0" started-at="2017-03-20T17:19:56Z" finished-at="2017-03-20T17:19:56Z">
          <reporter-output>
          </reporter-output>
        </test-method> <!-- QuitDriver -->
      </class> <!-- dd_registration.Register -->
    </test> <!-- SMB Regression Testing -->
  </suite> <!-- SMB_FrameWork -->
</testng-results>
