<?xml version="1.0" encoding="UTF-8"?>
<!-- Generated by org.testng.reporters.JUnitXMLReporter -->
<testsuite hostname="Raghavendra-PC" name="SMB Regression Testing" tests="1" failures="0" timestamp="20 Mar 2017 11:49:56 GMT" time="0.905" errors="0">
  <testcase name="@BeforeSuite init" time="0.0" classname="dd_registration.Register">
    <failure type="java.lang.NullPointerException">
      <![CDATA[java.lang.NullPointerException
	at dd_testCore.testCore.init(testCore.java:188)
	at org.apache.maven.surefire.testng.TestNGExecutor.run(TestNGExecutor.java:281)
	at org.apache.maven.surefire.testng.TestNGXmlTestSuite.execute(TestNGXmlTestSuite.java:75)
	at org.apache.maven.surefire.testng.TestNGProvider.invoke(TestNGProvider.java:121)
	at org.apache.maven.surefire.booter.ForkedBooter.invokeProviderInSameClassLoader(ForkedBooter.java:290)
	at org.apache.maven.surefire.booter.ForkedBooter.runSuitesInProcess(ForkedBooter.java:242)
	at org.apache.maven.surefire.booter.ForkedBooter.main(ForkedBooter.java:121)
... Removed 15 stack frames]]>
    </failure>
  </testcase> <!-- @BeforeSuite init -->
  <testcase name="@BeforeTest setupBeforeSuite" time="0.0" classname="dd_registration.Register">
    <skipped/>
  </testcase> <!-- @BeforeTest setupBeforeSuite -->
  <testcase name="@AfterMethod tearDown" time="0.0" classname="dd_registration.Register">
    <skipped/>
  </testcase> <!-- @AfterMethod tearDown -->
  <testcase name="@AfterTest setupAfterSuite" time="0.0" classname="dd_registration.Register">
    <skipped/>
  </testcase> <!-- @AfterTest setupAfterSuite -->
  <testcase name="ValidRegistration" time="0.0" classname="dd_registration.Register">
    <skipped/>
  </testcase> <!-- ValidRegistration -->
</testsuite> <!-- SMB Regression Testing -->
